make all --print-data-base --no-builtin-variables --no-builtin-rules --question
# GNU Make 4.2.1
# Built for x86_64-pc-linux-gnu
# Copyright (C) 1988-2016 Free Software Foundation, Inc.
# License GPLv3+: GNU GPL version 3 or later <http://gnu.org/licenses/gpl.html>
# This is free software: you are free to change and redistribute it.
# There is NO WARRANTY, to the extent permitted by law.

# Make data base, printed on Thu Jul 21 17:48:37 2022

# Variables

# automatic
<D = $(patsubst %/,%,$(dir $<))
# automatic
?F = $(notdir $?)
# environment
DESKTOP_SESSION = xfce
# default
.SHELLFLAGS := -c
# environment
XDG_SESSION_CLASS = user
# environment
XDG_SESSION_TYPE = x11
# environment
GTK3_MODULES = xapp-gtk3-module
# automatic
?D = $(patsubst %/,%,$(dir $?))
# automatic
@D = $(patsubst %/,%,$(dir $@))
# environment
XAUTHORITY = /home/untaldouglas/.Xauthority
# environment
GDMSESSION = xfce
# default
MAKE_VERSION := 4.2.1
# makefile
CURDIR := /home/untaldouglas/apps/go50s
# makefile (from 'makefile', line 1)
SHELL := /bin/bash
# environment
GDM_LANG = en_US
# environment
VSCODE_NLS_CONFIG = {"locale":"en-us","availableLanguages":{},"_languagePackSupport":true}
# environment
_ = /usr/share/code/code
# environment
XDG_CONFIG_DIRS = /etc/xdg/xdg-xfce:/etc/xdg:/etc/xdg
# makefile (from 'makefile', line 1)
MAKEFILE_LIST :=  makefile
# automatic
@F = $(notdir $@)
# environment
GIO_LAUNCHED_DESKTOP_FILE = /usr/share/applications/code.desktop
# 'override' directive
GNUMAKEFLAGS := 
# environment
MANDATORY_PATH = /usr/share/gconf/xfce.mandatory.path
# environment
XDG_DATA_DIRS = /usr/share/xfce4:/home/untaldouglas/.local/share/flatpak/exports/share:/var/lib/flatpak/exports/share:/usr/local/share:/usr/share:/usr/share
# environment
VSCODE_AMD_ENTRYPOINT = vs/workbench/api/node/extensionHostProcess
# environment
DBUS_SESSION_BUS_ADDRESS = unix:path=/run/user/1000/bus
# makefile (from 'makefile', line 10)
VERSION := 1.0
# environment
LC_NAME = es_SV.UTF-8
# environment
VSCODE_CWD = /home/untaldouglas
# environment
GOPROXY = https://proxy.golang.org,direct
# environment
XDG_SESSION_PATH = /org/freedesktop/DisplayManager/Session0
# default
MAKE_HOST := x86_64-pc-linux-gnu
# environment
PATH = /usr/local/sbin:/usr/local/bin:/usr/sbin:/usr/bin:/sbin:/bin:/usr/games:/usr/local/games:/snap/bin:/home/untaldouglas/go/bin:/usr/local/go/bin:/home/untaldouglas/go/bin:/usr/local/go/bin
# environment
SESSION_MANAGER = local/untaldouglas-MacBookAir:@/tmp/.ICE-unix/2733,unix/untaldouglas-MacBookAir:/tmp/.ICE-unix/2733
# environment
XDG_RUNTIME_DIR = /run/user/1000
# environment
GOPATH = /home/untaldouglas/go
# environment
XDG_MENU_PREFIX = xfce-
# environment
ELECTRON_RUN_AS_NODE = 1
# default
.FEATURES := target-specific order-only second-expansion else-if shortest-stem undefine oneshell archives jobserver output-sync check-symlink load
# environment
XDG_GREETER_DATA_DIR = /var/lib/lightdm-data/untaldouglas
# environment
XDG_SESSION_DESKTOP = xfce
# environment
SSH_AUTH_SOCK = /tmp/ssh-BXYg8bqKxlxc/agent.2733
# environment
GIO_LAUNCHED_DESKTOP_FILE_PID = 5212
# automatic
%F = $(notdir $%)
# environment
DISPLAY = :0
# environment
PWD = /home/untaldouglas/apps/go50s
# environment
QT_QPA_PLATFORMTHEME = qt5ct
# default
.LOADED := 
# environment
XDG_SEAT = seat0
# environment
SSH_AGENT_PID = 2810
# environment
ORIGINAL_XDG_CURRENT_DESKTOP = XFCE
# environment
GTK_MODULES = gail:atk-bridge
# environment
GOMODCACHE = /home/untaldouglas/go/pkg/mod
# environment
HOME = /home/untaldouglas
# environment
VSCODE_CODE_CACHE_PATH = /home/untaldouglas/.config/Code/CachedData/3b889b090b5ad5793f524b5d1d39fda662b96a2a
# environment
LOGNAME = untaldouglas
# environment
APPLICATION_INSIGHTS_NO_DIAGNOSTIC_CHANNEL = 1
# automatic
+F = $(notdir $+)
# environment
VSCODE_HANDLES_UNCAUGHT_ERRORS = true
# automatic
^D = $(patsubst %/,%,$(dir $^))
# environment
XDG_VTNR = 7
# environment
CLUTTER_BACKEND = x11
# environment
MAKELEVEL := 0
# default
MAKE = $(MAKE_COMMAND)
# default
MAKECMDGOALS := all
# environment
SHLVL = 0
# environment
COMPIZ_CONFIG_PROFILE = mint
# environment
XDG_SESSION_ID = c2
# environment
USER = untaldouglas
# environment
LC_MONETARY = es_SV.UTF-8
# makefile
.DEFAULT_GOAL := run
# environment
XDG_CURRENT_DESKTOP = XFCE
# automatic
%D = $(patsubst %/,%,$(dir $%))
# environment
LC_TELEPHONE = es_SV.UTF-8
# default
MAKE_COMMAND := make
# default
.VARIABLES := 
# automatic
*F = $(notdir $*)
# environment
LANGUAGE = en_US
# environment
XDG_SEAT_PATH = /org/freedesktop/DisplayManager/Seat0
# environment
VSCODE_IPC_HOOK = /run/user/1000/vscode-6e66ecf0-1.69.2-main.sock
# makefile
MAKEFLAGS = pqrR
# environment
MFLAGS = -pqrR
# automatic
*D = $(patsubst %/,%,$(dir $*))
# automatic
+D = $(patsubst %/,%,$(dir $+))
# environment
GDK_BACKEND = x11
# environment
LC_PAPER = es_SV.UTF-8
# makefile (from 'makefile', line 23)
KIND_CLUSTER := untaldouglas-starter-cluster
# environment
QT_ACCESSIBILITY = 1
# environment
DEFAULTS_PATH = /usr/share/gconf/xfce.default.path
# default
MAKEFILES := 
# environment
LC_NUMERIC = es_SV.UTF-8
# automatic
<F = $(notdir $<)
# environment
LC_MEASUREMENT = es_SV.UTF-8
# environment
LC_ALL = C
# automatic
^F = $(notdir $^)
# default
SUFFIXES := 
# environment
CHROME_DESKTOP = code-url-handler.desktop
# default
.INCLUDE_DIRS = /usr/include /usr/local/include /usr/include
# environment
LC_IDENTIFICATION = es_SV.UTF-8
# default
.RECIPEPREFIX := 
# environment
LC_ADDRESS = es_SV.UTF-8
# environment
LANG = C
# environment
VSCODE_PID = 5212
# variable set hash-table stats:
# Load=103/1024=10%, Rehash=0, Collisions=9/134=7%

# Pattern-specific Variable Values

# No pattern-specific variable values.

# Directories

# . (device 2050, inode 5770028): 11 files, no impossibilities.

# 11 files, no impossibilities in 1 directories.

# Implicit Rules

# No implicit rules.

# Files

kind-logs:
#  Implicit rule search has not been done.
#  Modification time never checked.
#  File has not been updated.
#  recipe to execute (from 'makefile', line 47):
	kubectl logs -l app=service --all-containers=true -f --tail=100 

kind-restart:
#  Implicit rule search has not been done.
#  Modification time never checked.
#  File has not been updated.
#  recipe to execute (from 'makefile', line 50):
	kubectl rollout restart deployment service-pod 

kind-load:
#  Implicit rule search has not been done.
#  Modification time never checked.
#  File has not been updated.
#  recipe to execute (from 'makefile', line 35):
	kind load docker-image service-amd64:$(VERSION) --name $(KIND_CLUSTER)

all: service
#  Command line target.
#  Implicit rule search has been done.
#  File does not exist.
#  File has been updated.
#  Needs to be updated (-q is set).
# variable set hash-table stats:
# Load=0/32=0%, Rehash=0, Collisions=0/5=0%

service:
#  Implicit rule search has not been done.
#  Implicit/static pattern stem: ''
#  File does not exist.
#  File has been updated.
#  Needs to be updated (-q is set).
# automatic
# @ := service
# automatic
# % := 
# automatic
# * := 
# automatic
 
# + := 
# automatic
# | := 
# automatic
# < := 
# automatic
# ^ := 
# automatic
# ? := 
# variable set hash-table stats:
# Load=8/32=25%, Rehash=0, Collisions=1/13=8%
#  recipe to execute (from 'makefile', line 15):
	docker build \
		-f zarf/docker/dockerfile \
		-t service-amd64:$(VERSION) \
		--build-arg BUILD_REF=$(VERSION) \
		--build-arg BUILD_DATE=`date -u +"%Y-%m-%dT%H:%M:%SZ"` \
		.

kind-update-apply: all kind-load kind-apply
#  Implicit rule search has not been done.
#  Modification time never checked.
#  File has not been updated.

# Not a target:
.SUFFIXES:
#  Implicit rule search has not been done.
#  Modification time never checked.
#  File has not been updated.

 
# Not a target:
makefile:
#  Implicit rule search has been done.
#  Last modified 2022-07-19 16:04:16.661503163
#  File has been updated.
#  Successfully updated.

build:
#  Implicit rule search has not been done.
#  Modification time never checked.
#  File has not been updated.
#  recipe to execute (from 'makefile', line 7):
	go build -ldflags "-X main.build=local"

# Not a target:
.DEFAULT:
#  Implicit rule search has not been done.
#  Modification time never checked.
#  File has not been updated.

kind-apply:
#  Implicit rule search has not been done.
#  Modification time never checked.
#  File has not been updated.
#  recipe to execute (from 'makefile', line 38):
	# cat zarf/k8s/base/service-pod/base-service.yaml | kubectl apply -f -
	kustomize build zarf/k8s/kind/service-pod | kubectl apply -f -

run:
#  Implicit rule search has not been done.
#  Modification time never checked.
#  File has not been updated.
#  recipe to execute (from 'makefile', line 4):
	go run main.go

kind-describe:
#  Implicit rule search has not been done.
#  Modification time never checked.
#  File has not been updated.
#  recipe to execute (from 'makefile', line 57):
	# kubectl describe nodes
	# kubectl describe svc
	kubectl describe pod -l app=service

tidy:
#  Implicit rule search has not been done.
#  Modification time never checked.
#  File has not been updated.
#  recipe to execute (from 'makefile', line 66):
	go mod tidy
	go mod vendor

kind-status:
#  Implicit rule search has not been done.
#  Modification time never checked.
#  File has not been updated.
#  recipe to execute (from 'makefile', line 42):
	kubectl get nodes -o wide
	kubectl get svc -o wide
	kubectl get pods -o wide --watch 

kind-up:
#  Implicit rule search has not been done.
#  Modification time never checked.
#  File has not been updated.
#  recipe to execute (from 'makefile', line 25):
	kind create cluster \
		--image kindest/node:v1.21.1@sha256:69860bda5563ac81e3c0057d654b5253219618a22ec3a346306239bba8cfa1a6 \
		--name $(KIND_CLUSTER) \
		--config zarf/k8s/kind/kind-config.yaml 
	kubectl config set-context --current --namespace=service-system

kind-down:
#  Implicit rule search has not been done.
#  Modification time never checked.
#  File has not been updated.
#  recipe to execute (from 'makefile', line 32):
	kind delete cluster --name $(KIND_CLUSTER)

kind-update: all kind-load kind-restart
#  Implicit rule search has not been done.
#  Modification time never checked.
#  File has not been updated.

# files hash-table stats:
# Load=18/1024=2%, Rehash=0, Collisions=0/38=0%
# VPATH Search Paths

# No 'vpath' search paths.

# No general ('VPATH' variable) search path.

# strcache buffers: 1 (0) / strings = 30 / storage = 271 B / avg = 9 B
 
# current buf: size = 8162 B / used = 271 B / count = 30 / avg = 9 B

# strcache performance: lookups = 58 / hit rate = 48%
# hash-table stats:
# Load=30/8192=0%, Rehash=0, Collisions=1/58=2%
# Finished Make data base on Thu Jul 21 17:48:37 2022

 
